<?xml version="1.0" encoding="UTF-8"?>
<robot generator="Robot 6.0.2 (Python 3.11.3 on win32)" generated="20230606 21:06:59.666" rpa="false" schemaversion="3">
<suite id="s1" name="IFrames" source="C:\Users\asus\PycharmProjects\Automation\TestCases\IFrames.robot">
<test id="s1-t1" name="HandleFrameTest" line="7">
<kw name="Open Browser" library="SeleniumLibrary">
<arg>https://www.selenium.dev/selenium/docs/api/java/index.html?org/openqa/selenium/package-summary.html</arg>
<arg>chrome</arg>
<doc>Opens a new browser instance to the optional ``url``.</doc>
<msg timestamp="20230606 21:06:59.962" level="INFO">Opening browser 'chrome' to base url 'https://www.selenium.dev/selenium/docs/api/java/index.html?org/openqa/selenium/package-summary.html'.</msg>
<status status="PASS" starttime="20230606 21:06:59.961" endtime="20230606 21:07:06.474"/>
</kw>
<kw name="Maximize Browser Window" library="SeleniumLibrary">
<doc>Maximizes current browser window.</doc>
<status status="PASS" starttime="20230606 21:07:06.475" endtime="20230606 21:07:06.593"/>
</kw>
<kw name="Select Frame" library="SeleniumLibrary">
<arg>packageListFrame</arg>
<doc>Sets frame identified by ``locator`` as the current frame.</doc>
<msg timestamp="20230606 21:07:06.594" level="INFO">Selecting frame 'packageListFrame'.</msg>
<status status="PASS" starttime="20230606 21:07:06.594" endtime="20230606 21:07:06.631"/>
</kw>
<kw name="Sleep" library="BuiltIn">
<arg>2seconds</arg>
<doc>Pauses the test executed for the given time.</doc>
<msg timestamp="20230606 21:07:08.632" level="INFO">Slept 2 seconds</msg>
<status status="PASS" starttime="20230606 21:07:06.631" endtime="20230606 21:07:08.632"/>
</kw>
<kw name="Current Frame Should Contain" library="SeleniumLibrary">
<arg>Packages</arg>
<doc>Verifies that the current frame contains ``text``.</doc>
<msg timestamp="20230606 21:07:08.646" level="INFO">Current frame contains text 'Packages'.</msg>
<status status="PASS" starttime="20230606 21:07:08.633" endtime="20230606 21:07:08.646"/>
</kw>
<kw name="Click Element" library="SeleniumLibrary">
<arg>xpath://a[contains(text(),'org.openqa.selenium.mobile')]</arg>
<doc>Click the element identified by ``locator``.</doc>
<msg timestamp="20230606 21:07:08.647" level="INFO">Clicking element 'xpath://a[contains(text(),'org.openqa.selenium.mobile')]'.</msg>
<status status="PASS" starttime="20230606 21:07:08.646" endtime="20230606 21:07:08.745"/>
</kw>
<kw name="Unselect Frame" library="SeleniumLibrary">
<doc>Sets the main frame as the current frame.</doc>
<status status="PASS" starttime="20230606 21:07:08.746" endtime="20230606 21:07:08.752"/>
</kw>
<kw name="Sleep" library="BuiltIn">
<arg>2seconds</arg>
<doc>Pauses the test executed for the given time.</doc>
<msg timestamp="20230606 21:07:10.753" level="INFO">Slept 2 seconds</msg>
<status status="PASS" starttime="20230606 21:07:08.752" endtime="20230606 21:07:10.753"/>
</kw>
<kw name="Select Frame" library="SeleniumLibrary">
<arg>packageFrame</arg>
<doc>Sets frame identified by ``locator`` as the current frame.</doc>
<msg timestamp="20230606 21:07:10.754" level="INFO">Selecting frame 'packageFrame'.</msg>
<status status="PASS" starttime="20230606 21:07:10.753" endtime="20230606 21:07:10.784"/>
</kw>
<kw name="Sleep" library="BuiltIn">
<arg>2seconds</arg>
<doc>Pauses the test executed for the given time.</doc>
<msg timestamp="20230606 21:07:12.785" level="INFO">Slept 2 seconds</msg>
<status status="PASS" starttime="20230606 21:07:10.785" endtime="20230606 21:07:12.785"/>
</kw>
<kw name="Current Frame Should Contain" library="SeleniumLibrary">
<arg>NetworkConnection</arg>
<doc>Verifies that the current frame contains ``text``.</doc>
<msg timestamp="20230606 21:07:12.800" level="INFO">Current frame contains text 'NetworkConnection'.</msg>
<status status="PASS" starttime="20230606 21:07:12.785" endtime="20230606 21:07:12.800"/>
</kw>
<kw name="Click Element" library="SeleniumLibrary">
<arg>xpath://span[contains(text(),'NetworkConnection')]</arg>
<doc>Click the element identified by ``locator``.</doc>
<msg timestamp="20230606 21:07:12.801" level="INFO">Clicking element 'xpath://span[contains(text(),'NetworkConnection')]'.</msg>
<status status="PASS" starttime="20230606 21:07:12.801" endtime="20230606 21:07:12.888"/>
</kw>
<kw name="Unselect Frame" library="SeleniumLibrary">
<doc>Sets the main frame as the current frame.</doc>
<status status="PASS" starttime="20230606 21:07:12.889" endtime="20230606 21:07:12.892"/>
</kw>
<kw name="Sleep" library="BuiltIn">
<arg>2seconds</arg>
<doc>Pauses the test executed for the given time.</doc>
<msg timestamp="20230606 21:07:14.893" level="INFO">Slept 2 seconds</msg>
<status status="PASS" starttime="20230606 21:07:12.892" endtime="20230606 21:07:14.893"/>
</kw>
<kw name="Select Frame" library="SeleniumLibrary">
<arg>classFrame</arg>
<doc>Sets frame identified by ``locator`` as the current frame.</doc>
<msg timestamp="20230606 21:07:14.894" level="INFO">Selecting frame 'classFrame'.</msg>
<status status="PASS" starttime="20230606 21:07:14.893" endtime="20230606 21:07:15.133"/>
</kw>
<kw name="Sleep" library="BuiltIn">
<arg>2seconds</arg>
<doc>Pauses the test executed for the given time.</doc>
<msg timestamp="20230606 21:07:17.134" level="INFO">Slept 2 seconds</msg>
<status status="PASS" starttime="20230606 21:07:15.134" endtime="20230606 21:07:17.134"/>
</kw>
<kw name="Current Frame Should Contain" library="SeleniumLibrary">
<arg>All Known Implementing Classes:</arg>
<doc>Verifies that the current frame contains ``text``.</doc>
<msg timestamp="20230606 21:07:17.150" level="INFO">Current frame contains text 'All Known Implementing Classes:'.</msg>
<status status="PASS" starttime="20230606 21:07:17.135" endtime="20230606 21:07:17.150"/>
</kw>
<kw name="Sleep" library="BuiltIn">
<arg>2seconds</arg>
<doc>Pauses the test executed for the given time.</doc>
<msg timestamp="20230606 21:07:19.152" level="INFO">Slept 2 seconds</msg>
<status status="PASS" starttime="20230606 21:07:17.150" endtime="20230606 21:07:19.152"/>
</kw>
<kw name="Click Element" library="SeleniumLibrary">
<arg>xpath://a[contains(text(),'ChromeDriver')]</arg>
<doc>Click the element identified by ``locator``.</doc>
<msg timestamp="20230606 21:07:19.153" level="INFO">Clicking element 'xpath://a[contains(text(),'ChromeDriver')]'.</msg>
<status status="PASS" starttime="20230606 21:07:19.152" endtime="20230606 21:07:21.011"/>
</kw>
<kw name="Sleep" library="BuiltIn">
<arg>2seconds</arg>
<doc>Pauses the test executed for the given time.</doc>
<msg timestamp="20230606 21:07:23.012" level="INFO">Slept 2 seconds</msg>
<status status="PASS" starttime="20230606 21:07:21.011" endtime="20230606 21:07:23.012"/>
</kw>
<kw name="Current Frame Should Contain" library="SeleniumLibrary">
<arg>org.openqa.selenium.remote.RemoteWebDriver</arg>
<doc>Verifies that the current frame contains ``text``.</doc>
<msg timestamp="20230606 21:07:23.027" level="INFO">Current frame contains text 'org.openqa.selenium.remote.RemoteWebDriver'.</msg>
<status status="PASS" starttime="20230606 21:07:23.012" endtime="20230606 21:07:23.027"/>
</kw>
<kw name="Sleep" library="BuiltIn">
<arg>2seconds</arg>
<doc>Pauses the test executed for the given time.</doc>
<msg timestamp="20230606 21:07:25.029" level="INFO">Slept 2 seconds</msg>
<status status="PASS" starttime="20230606 21:07:23.028" endtime="20230606 21:07:25.029"/>
</kw>
<kw name="Unselect Frame" library="SeleniumLibrary">
<doc>Sets the main frame as the current frame.</doc>
<status status="PASS" starttime="20230606 21:07:25.029" endtime="20230606 21:07:25.032"/>
</kw>
<status status="PASS" starttime="20230606 21:06:59.960" endtime="20230606 21:07:25.032"/>
</test>
<status status="PASS" starttime="20230606 21:06:59.669" endtime="20230606 21:07:25.033"/>
</suite>
<statistics>
<total>
<stat pass="1" fail="0" skip="0">All Tests</stat>
</total>
<tag>
</tag>
<suite>
<stat pass="1" fail="0" skip="0" id="s1" name="IFrames">IFrames</stat>
</suite>
</statistics>
<errors>
</errors>
</robot>
